{
  "RSpec": {
    "coverage": {
      "/Users/juliaryan/Desktop/WDI/wdi-8/historia-app/spec/controllers/likes_controller_spec.rb": [
        1,
        null,
        1,
        null,
        1,
        1,
        1,
        1,
        null,
        null,
        null,
        1,
        1,
        1,
        0,
        null,
        null,
        null,
        1,
        1,
        1,
        1,
        null,
        null,
        null,
        1,
        1,
        1,
        0,
        null,
        null,
        null,
        null
      ],
      "/Users/juliaryan/Desktop/WDI/wdi-8/historia-app/spec/rails_helper.rb": [
        null,
        1,
        1,
        1,
        1,
        null,
        null,
        null,
        null,
        null,
        null,
        null,
        null,
        null,
        null,
        null,
        null,
        null,
        null,
        null,
        null,
        null,
        null,
        null,
        1,
        null,
        1,
        null,
        1,
        null,
        null,
        null,
        null,
        1,
        null,
        null,
        null,
        null,
        null,
        null,
        null,
        null,
        null,
        null,
        null,
        null,
        null,
        null,
        1,
        null
      ],
      "/Users/juliaryan/Desktop/WDI/wdi-8/historia-app/config/environment.rb": [
        null,
        1,
        null,
        null,
        1
      ],
      "/Users/juliaryan/Desktop/WDI/wdi-8/historia-app/config/application.rb": [
        1,
        null,
        null,
        1,
        1,
        1,
        1,
        1,
        1,
        1,
        null,
        null,
        null,
        null,
        1,
        null,
        1,
        1,
        null,
        null,
        null,
        null,
        null,
        null,
        null,
        null,
        null,
        null,
        null,
        null,
        null,
        1,
        null,
        null
      ],
      "/Users/juliaryan/Desktop/WDI/wdi-8/historia-app/config/boot.rb": [
        1,
        null,
        1
      ],
      "/Users/juliaryan/Desktop/WDI/wdi-8/historia-app/config/environments/test.rb": [
        1,
        null,
        null,
        null,
        null,
        null,
        null,
        1,
        null,
        null,
        null,
        null,
        1,
        null,
        null,
        1,
        1,
        null,
        null,
        1,
        1,
        null,
        null,
        1,
        null,
        null,
        1,
        null,
        null,
        null,
        null,
        1,
        null,
        null,
        1,
        null,
        null,
        1,
        null,
        null,
        null,
        null
      ],
      "/Users/juliaryan/Desktop/WDI/wdi-8/historia-app/config/initializers/assets.rb": [
        null,
        null,
        null,
        1,
        null,
        null,
        null,
        null,
        null,
        null,
        null
      ],
      "/Users/juliaryan/Desktop/WDI/wdi-8/historia-app/config/initializers/backtrace_silencers.rb": [
        null,
        null,
        null,
        null,
        null,
        null,
        null
      ],
      "/Users/juliaryan/Desktop/WDI/wdi-8/historia-app/config/initializers/cookies_serializer.rb": [
        null,
        null,
        1
      ],
      "/Users/juliaryan/Desktop/WDI/wdi-8/historia-app/config/initializers/filter_parameter_logging.rb": [
        null,
        null,
        null,
        1
      ],
      "/Users/juliaryan/Desktop/WDI/wdi-8/historia-app/config/initializers/inflections.rb": [
        null,
        null,
        null,
        null,
        null,
        null,
        null,
        null,
        null,
        null,
        null,
        null,
        null,
        null,
        null,
        null
      ],
      "/Users/juliaryan/Desktop/WDI/wdi-8/historia-app/config/initializers/mime_types.rb": [
        null,
        null,
        null,
        null
      ],
      "/Users/juliaryan/Desktop/WDI/wdi-8/historia-app/config/initializers/omniauth.rb": [
        1,
        null,
        1,
        1,
        null,
        null,
        1,
        null,
        null
      ],
      "/Users/juliaryan/Desktop/WDI/wdi-8/historia-app/config/initializers/session_store.rb": [
        null,
        null,
        1
      ],
      "/Users/juliaryan/Desktop/WDI/wdi-8/historia-app/config/initializers/wrap_parameters.rb": [
        null,
        null,
        null,
        null,
        null,
        null,
        1,
        1,
        null,
        null,
        null,
        null,
        null,
        null
      ],
      "/Users/juliaryan/Desktop/WDI/wdi-8/historia-app/config/routes.rb": [
        1,
        1,
        null,
        1,
        null,
        1,
        1,
        null,
        null,
        null,
        1,
        1,
        1,
        null,
        null,
        1,
        1,
        1,
        null,
        null
      ],
      "/Users/juliaryan/Desktop/WDI/wdi-8/historia-app/app/helpers/application_helper.rb": [
        1,
        null
      ],
      "/Users/juliaryan/Desktop/WDI/wdi-8/historia-app/app/helpers/likes_helper.rb": [
        1,
        null
      ],
      "/Users/juliaryan/Desktop/WDI/wdi-8/historia-app/app/helpers/pages_helper.rb": [
        1,
        null
      ],
      "/Users/juliaryan/Desktop/WDI/wdi-8/historia-app/app/helpers/photos_helper.rb": [
        1,
        null
      ],
      "/Users/juliaryan/Desktop/WDI/wdi-8/historia-app/app/helpers/places_helper.rb": [
        1,
        null
      ],
      "/Users/juliaryan/Desktop/WDI/wdi-8/historia-app/app/helpers/sessions_helper.rb": [
        1,
        null
      ],
      "/Users/juliaryan/Desktop/WDI/wdi-8/historia-app/app/helpers/users_helper.rb": [
        1,
        null
      ],
      "/Users/juliaryan/Desktop/WDI/wdi-8/historia-app/app/controllers/likes_controller.rb": [
        1,
        1,
        null,
        null,
        1,
        1,
        1,
        null,
        null,
        null,
        null,
        null,
        null,
        null,
        null,
        null,
        null,
        null,
        null,
        null,
        null,
        null,
        null,
        null,
        null,
        null,
        null,
        null,
        null,
        null,
        null,
        null,
        1,
        null,
        null,
        1,
        1,
        0,
        null,
        null
      ],
      "/Users/juliaryan/Desktop/WDI/wdi-8/historia-app/app/controllers/application_controller.rb": [
        1,
        null,
        null,
        1,
        null,
        1,
        null,
        1,
        1,
        0,
        null,
        null,
        1,
        1,
        9,
        0,
        null,
        9,
        null,
        null
      ],
      "/Users/juliaryan/Desktop/WDI/wdi-8/historia-app/spec/controllers/pages_controller_spec.rb": [
        1,
        null,
        1,
        null,
        null
      ],
      "/Users/juliaryan/Desktop/WDI/wdi-8/historia-app/app/controllers/pages_controller.rb": [
        1,
        1,
        0,
        null,
        null
      ],
      "/Users/juliaryan/Desktop/WDI/wdi-8/historia-app/spec/controllers/photos_controller_spec.rb": [
        1,
        null,
        1,
        null,
        null
      ],
      "/Users/juliaryan/Desktop/WDI/wdi-8/historia-app/app/controllers/photos_controller.rb": [
        1,
        1,
        0,
        null,
        null,
        1,
        null,
        null,
        1,
        null,
        null,
        1,
        null,
        null,
        1,
        null,
        null,
        1,
        null,
        null,
        1,
        null,
        null
      ],
      "/Users/juliaryan/Desktop/WDI/wdi-8/historia-app/spec/controllers/places_controller_spec.rb": [
        1,
        null,
        1,
        null,
        1,
        1,
        1,
        1,
        null,
        null,
        null,
        1,
        1,
        1,
        1,
        null,
        null,
        null,
        1,
        1,
        1,
        1,
        null,
        null,
        null,
        1,
        1,
        1,
        0,
        null,
        null,
        null,
        1,
        1,
        1,
        0,
        null,
        null,
        null,
        1,
        1,
        1,
        0,
        null,
        null,
        null,
        1,
        1,
        1,
        0,
        null,
        null,
        null,
        null
      ],
      "/Users/juliaryan/Desktop/WDI/wdi-8/historia-app/app/controllers/places_controller.rb": [
        1,
        1,
        null,
        null,
        1,
        0,
        null,
        0,
        null,
        0,
        null,
        0,
        0,
        0,
        0,
        null,
        0,
        0,
        0,
        0,
        null,
        null,
        null,
        0,
        null,
        null,
        null,
        1,
        null,
        null,
        1,
        null,
        null,
        1,
        null,
        null,
        1,
        null,
        null,
        1,
        null,
        null,
        1,
        null,
        null
      ],
      "/Users/juliaryan/Desktop/WDI/wdi-8/historia-app/spec/controllers/sessions_controller_spec.rb": [
        1,
        null,
        1,
        null,
        null
      ],
      "/Users/juliaryan/Desktop/WDI/wdi-8/historia-app/app/controllers/sessions_controller.rb": [
        1,
        1,
        null,
        null,
        1,
        0,
        0,
        0,
        0,
        null,
        0,
        0,
        null,
        null,
        null,
        1,
        0,
        0,
        0,
        0,
        null,
        0,
        0,
        null,
        null,
        null,
        1,
        0,
        0,
        null,
        null
      ],
      "/Users/juliaryan/Desktop/WDI/wdi-8/historia-app/spec/controllers/users_controller_spec.rb": [
        1,
        null,
        1,
        null,
        1,
        1,
        1,
        1,
        null,
        null,
        null,
        1,
        1,
        1,
        0,
        null,
        null,
        null,
        1,
        1,
        1,
        1,
        null,
        null,
        null,
        1,
        1,
        1,
        0,
        null,
        null,
        null,
        1,
        1,
        1,
        0,
        null,
        null,
        null,
        1,
        1,
        1,
        0,
        null,
        null,
        null,
        1,
        1,
        1,
        0,
        null,
        null,
        null,
        null
      ],
      "/Users/juliaryan/Desktop/WDI/wdi-8/historia-app/app/controllers/users_controller.rb": [
        1,
        1,
        null,
        null,
        1,
        1,
        0,
        0,
        0,
        0,
        null,
        0,
        null,
        null,
        null,
        1,
        1,
        null,
        null,
        1,
        0,
        null,
        null,
        1,
        0,
        null,
        null,
        1,
        0,
        0,
        0,
        null,
        null,
        1,
        0,
        0,
        0,
        null,
        null,
        1,
        1,
        1,
        null,
        null
      ],
      "/Users/juliaryan/Desktop/WDI/wdi-8/historia-app/spec/helpers/likes_helper_spec.rb": [
        1,
        null,
        null,
        null,
        null,
        null,
        null,
        null,
        null,
        null,
        null,
        null,
        1,
        1,
        null
      ],
      "/Users/juliaryan/Desktop/WDI/wdi-8/historia-app/spec/helpers/pages_helper_spec.rb": [
        1,
        null,
        null,
        null,
        null,
        null,
        null,
        null,
        null,
        null,
        null,
        null,
        1,
        1,
        null
      ],
      "/Users/juliaryan/Desktop/WDI/wdi-8/historia-app/spec/helpers/photos_helper_spec.rb": [
        1,
        null,
        null,
        null,
        null,
        null,
        null,
        null,
        null,
        null,
        null,
        null,
        1,
        1,
        null
      ],
      "/Users/juliaryan/Desktop/WDI/wdi-8/historia-app/spec/helpers/places_helper_spec.rb": [
        1,
        null,
        null,
        null,
        null,
        null,
        null,
        null,
        null,
        null,
        null,
        null,
        1,
        1,
        null
      ],
      "/Users/juliaryan/Desktop/WDI/wdi-8/historia-app/spec/helpers/sessions_helper_spec.rb": [
        1,
        null,
        null,
        null,
        null,
        null,
        null,
        null,
        null,
        null,
        null,
        null,
        1,
        1,
        null
      ],
      "/Users/juliaryan/Desktop/WDI/wdi-8/historia-app/spec/helpers/users_helper_spec.rb": [
        1,
        null,
        null,
        null,
        null,
        null,
        null,
        null,
        null,
        null,
        null,
        null,
        1,
        1,
        null
      ],
      "/Users/juliaryan/Desktop/WDI/wdi-8/historia-app/spec/models/like_spec.rb": [
        null,
        null,
        null,
        null,
        null,
        null,
        null,
        null,
        null,
        null,
        null,
        1,
        null,
        1,
        1,
        null
      ],
      "/Users/juliaryan/Desktop/WDI/wdi-8/historia-app/app/models/like.rb": [
        null,
        null,
        null,
        null,
        null,
        null,
        null,
        null,
        null,
        null,
        null,
        1,
        1,
        1,
        null,
        1,
        null
      ],
      "/Users/juliaryan/Desktop/WDI/wdi-8/historia-app/spec/models/photo_spec.rb": [
        null,
        null,
        null,
        null,
        null,
        null,
        null,
        null,
        null,
        null,
        null,
        1,
        null,
        1,
        1,
        null
      ],
      "/Users/juliaryan/Desktop/WDI/wdi-8/historia-app/app/models/photo.rb": [
        null,
        null,
        null,
        null,
        null,
        null,
        null,
        null,
        null,
        null,
        null,
        1,
        1,
        null
      ],
      "/Users/juliaryan/Desktop/WDI/wdi-8/historia-app/spec/models/place_spec.rb": [
        null,
        null,
        null,
        null,
        null,
        null,
        null,
        null,
        null,
        null,
        null,
        null,
        null,
        null,
        null,
        1,
        null,
        1,
        1,
        null
      ],
      "/Users/juliaryan/Desktop/WDI/wdi-8/historia-app/app/models/place.rb": [
        null,
        null,
        null,
        null,
        null,
        null,
        null,
        null,
        null,
        null,
        null,
        null,
        null,
        null,
        null,
        1,
        1,
        1,
        1,
        null,
        1,
        0,
        null,
        null,
        null
      ],
      "/Users/juliaryan/Desktop/WDI/wdi-8/historia-app/spec/models/user_spec.rb": [
        null,
        null,
        null,
        null,
        null,
        null,
        null,
        null,
        null,
        null,
        null,
        null,
        null,
        null,
        null,
        null,
        null,
        null,
        null,
        1,
        null,
        1,
        1,
        null
      ],
      "/Users/juliaryan/Desktop/WDI/wdi-8/historia-app/app/models/user.rb": [
        null,
        null,
        null,
        null,
        null,
        null,
        null,
        null,
        null,
        null,
        null,
        null,
        null,
        null,
        null,
        null,
        null,
        null,
        null,
        1,
        1,
        1,
        null,
        null,
        1,
        null,
        1,
        null,
        1,
        1,
        null,
        null,
        null,
        1,
        1,
        null,
        null,
        null,
        null,
        null,
        1,
        0,
        0,
        0,
        0,
        0,
        0,
        0,
        0,
        0,
        null,
        0,
        null,
        null,
        null
      ],
      "/Users/juliaryan/Desktop/WDI/wdi-8/historia-app/spec/views/likes/create.html.erb_spec.rb": [
        1,
        null,
        1,
        1,
        null
      ],
      "/Users/juliaryan/Desktop/WDI/wdi-8/historia-app/spec/views/likes/destroy.html.erb_spec.rb": [
        1,
        null,
        1,
        1,
        null
      ],
      "/Users/juliaryan/Desktop/WDI/wdi-8/historia-app/spec/views/likes/index.html.erb_spec.rb": [
        1,
        null,
        1,
        1,
        null
      ],
      "/Users/juliaryan/Desktop/WDI/wdi-8/historia-app/spec/views/likes/new.html.erb_spec.rb": [
        1,
        null,
        1,
        1,
        null
      ],
      "/Users/juliaryan/Desktop/WDI/wdi-8/historia-app/spec/views/places/create.html.erb_spec.rb": [
        1,
        null,
        1,
        1,
        null
      ],
      "/Users/juliaryan/Desktop/WDI/wdi-8/historia-app/spec/views/places/destroy.html.erb_spec.rb": [
        1,
        null,
        1,
        1,
        null
      ],
      "/Users/juliaryan/Desktop/WDI/wdi-8/historia-app/spec/views/places/edit.html.erb_spec.rb": [
        1,
        null,
        1,
        1,
        null
      ],
      "/Users/juliaryan/Desktop/WDI/wdi-8/historia-app/spec/views/places/index.html.erb_spec.rb": [
        1,
        null,
        1,
        1,
        null
      ],
      "/Users/juliaryan/Desktop/WDI/wdi-8/historia-app/spec/views/places/new.html.erb_spec.rb": [
        1,
        null,
        1,
        1,
        null
      ],
      "/Users/juliaryan/Desktop/WDI/wdi-8/historia-app/spec/views/places/show.html.erb_spec.rb": [
        1,
        null,
        1,
        1,
        null
      ],
      "/Users/juliaryan/Desktop/WDI/wdi-8/historia-app/spec/views/places/update.html.erb_spec.rb": [
        1,
        null,
        1,
        1,
        null
      ],
      "/Users/juliaryan/Desktop/WDI/wdi-8/historia-app/spec/views/users/create.html.erb_spec.rb": [
        1,
        null,
        1,
        1,
        null
      ],
      "/Users/juliaryan/Desktop/WDI/wdi-8/historia-app/spec/views/users/destroy.html.erb_spec.rb": [
        1,
        null,
        1,
        1,
        null
      ],
      "/Users/juliaryan/Desktop/WDI/wdi-8/historia-app/spec/views/users/edit.html.erb_spec.rb": [
        1,
        null,
        1,
        1,
        null
      ],
      "/Users/juliaryan/Desktop/WDI/wdi-8/historia-app/spec/views/users/index.html.erb_spec.rb": [
        1,
        null,
        1,
        1,
        null
      ],
      "/Users/juliaryan/Desktop/WDI/wdi-8/historia-app/spec/views/users/new.html.erb_spec.rb": [
        1,
        null,
        1,
        1,
        null
      ],
      "/Users/juliaryan/Desktop/WDI/wdi-8/historia-app/spec/views/users/show.html.erb_spec.rb": [
        1,
        null,
        1,
        1,
        null
      ],
      "/Users/juliaryan/Desktop/WDI/wdi-8/historia-app/spec/views/users/update.html.erb_spec.rb": [
        1,
        null,
        1,
        1,
        null
      ]
    },
    "timestamp": 1427629254
  }
}
