{
  "RSpec": {
    "coverage": {
      "/Users/juliaryan/Desktop/WDI/wdi-8/historia-app/spec/features/signin_feature_spec.rb": [
        1,
        null,
        1,
        2,
        null,
        null,
        null,
        null,
        null,
        null,
        null,
        null,
        2,
        null,
        null,
        null,
        null,
        null,
        null,
        null,
        1,
        1,
        null,
        null,
        1,
        1,
        1,
        1,
        1,
        null,
        null,
        1,
        null,
        null
      ],
      "/Users/juliaryan/Desktop/WDI/wdi-8/historia-app/spec/rails_helper.rb": [
        null,
        1,
        1,
        1,
        1,
        null,
        null,
        null,
        null,
        null,
        null,
        null,
        null,
        null,
        null,
        null,
        null,
        null,
        null,
        null,
        null,
        null,
        null,
        null,
        1,
        null,
        1,
        null,
        1,
        null,
        null,
        null,
        null,
        1,
        null,
        null,
        null,
        null,
        null,
        null,
        null,
        null,
        null,
        null,
        null,
        null,
        null,
        null,
        1,
        null
      ],
      "/Users/juliaryan/Desktop/WDI/wdi-8/historia-app/config/environment.rb": [
        null,
        1,
        null,
        null,
        1
      ],
      "/Users/juliaryan/Desktop/WDI/wdi-8/historia-app/config/application.rb": [
        1,
        null,
        null,
        1,
        1,
        1,
        1,
        1,
        1,
        1,
        null,
        null,
        null,
        null,
        1,
        null,
        1,
        1,
        null,
        null,
        null,
        null,
        null,
        null,
        null,
        null,
        null,
        null,
        null,
        null,
        null,
        1,
        null,
        1,
        null,
        null,
        1,
        null,
        null,
        null,
        null
      ],
      "/Users/juliaryan/Desktop/WDI/wdi-8/historia-app/config/boot.rb": [
        1,
        null,
        1
      ],
      "/Users/juliaryan/Desktop/WDI/wdi-8/historia-app/config/environments/test.rb": [
        1,
        null,
        null,
        null,
        null,
        null,
        null,
        1,
        null,
        null,
        null,
        null,
        1,
        null,
        null,
        1,
        1,
        null,
        null,
        1,
        1,
        null,
        null,
        1,
        null,
        null,
        1,
        null,
        null,
        null,
        null,
        1,
        null,
        null,
        1,
        null,
        null,
        1,
        null,
        null,
        null,
        null,
        null,
        1
      ],
      "/Users/juliaryan/Desktop/WDI/wdi-8/historia-app/config/initializers/assets.rb": [
        null,
        null,
        null,
        1,
        null,
        null,
        null,
        null,
        null,
        null,
        null
      ],
      "/Users/juliaryan/Desktop/WDI/wdi-8/historia-app/config/initializers/backtrace_silencers.rb": [
        null,
        null,
        null,
        null,
        null,
        null,
        null
      ],
      "/Users/juliaryan/Desktop/WDI/wdi-8/historia-app/config/initializers/cookies_serializer.rb": [
        null,
        null,
        1
      ],
      "/Users/juliaryan/Desktop/WDI/wdi-8/historia-app/config/initializers/filter_parameter_logging.rb": [
        null,
        null,
        null,
        1
      ],
      "/Users/juliaryan/Desktop/WDI/wdi-8/historia-app/config/initializers/inflections.rb": [
        null,
        null,
        null,
        null,
        null,
        null,
        null,
        null,
        null,
        null,
        null,
        null,
        null,
        null,
        null,
        null
      ],
      "/Users/juliaryan/Desktop/WDI/wdi-8/historia-app/config/initializers/mime_types.rb": [
        null,
        null,
        null,
        null
      ],
      "/Users/juliaryan/Desktop/WDI/wdi-8/historia-app/config/initializers/omniauth.rb": [
        1,
        null,
        1,
        1,
        null,
        null,
        1,
        null,
        null
      ],
      "/Users/juliaryan/Desktop/WDI/wdi-8/historia-app/config/initializers/session_store.rb": [
        null,
        null,
        1
      ],
      "/Users/juliaryan/Desktop/WDI/wdi-8/historia-app/config/initializers/wrap_parameters.rb": [
        null,
        null,
        null,
        null,
        null,
        null,
        1,
        1,
        null,
        null,
        null,
        null,
        null,
        null
      ],
      "/Users/juliaryan/Desktop/WDI/wdi-8/historia-app/config/routes.rb": [
        1,
        1,
        null,
        1,
        null,
        1,
        null,
        1,
        1,
        1,
        null,
        1,
        1,
        null,
        1,
        1,
        1,
        null,
        null,
        null,
        1,
        1,
        1,
        null,
        null,
        1,
        1,
        1,
        null,
        null
      ],
      "/Users/juliaryan/Desktop/WDI/wdi-8/historia-app/app/helpers/account_activations_helper.rb": [
        1,
        null
      ],
      "/Users/juliaryan/Desktop/WDI/wdi-8/historia-app/app/helpers/application_helper.rb": [
        1,
        1,
        null,
        null,
        null,
        null,
        null,
        null,
        null,
        null,
        null,
        null,
        null,
        1,
        null,
        null,
        1,
        null,
        null,
        null,
        null,
        null,
        null,
        null,
        0,
        null,
        null
      ],
      "/Users/juliaryan/Desktop/WDI/wdi-8/historia-app/app/helpers/likes_helper.rb": [
        1,
        null
      ],
      "/Users/juliaryan/Desktop/WDI/wdi-8/historia-app/app/helpers/pages_helper.rb": [
        1,
        null
      ],
      "/Users/juliaryan/Desktop/WDI/wdi-8/historia-app/app/helpers/password_resets_helper.rb": [
        1,
        null
      ],
      "/Users/juliaryan/Desktop/WDI/wdi-8/historia-app/app/helpers/photos_helper.rb": [
        1,
        null
      ],
      "/Users/juliaryan/Desktop/WDI/wdi-8/historia-app/app/helpers/places_helper.rb": [
        1,
        null
      ],
      "/Users/juliaryan/Desktop/WDI/wdi-8/historia-app/app/helpers/sessions_helper.rb": [
        1,
        1,
        1,
        null,
        null,
        1,
        0,
        0,
        null,
        0,
        null,
        null,
        null,
        1,
        2,
        1,
        1,
        0,
        0,
        0,
        0,
        null,
        null,
        null,
        null,
        1,
        2,
        null,
        null,
        1,
        1,
        1,
        1,
        null,
        null,
        1,
        0,
        0,
        0,
        null,
        null
      ],
      "/Users/juliaryan/Desktop/WDI/wdi-8/historia-app/app/helpers/users_helper.rb": [
        1,
        null
      ],
      "/Users/juliaryan/Desktop/WDI/wdi-8/historia-app/app/models/place.rb": [
        null,
        null,
        null,
        null,
        null,
        null,
        null,
        null,
        null,
        null,
        null,
        null,
        null,
        null,
        null,
        1,
        1,
        1,
        1,
        null,
        1,
        null,
        1,
        2,
        null,
        null,
        1,
        0,
        null,
        null,
        null
      ],
      "/Users/juliaryan/Desktop/WDI/wdi-8/historia-app/app/uploaders/image_uploader.rb": [
        null,
        null,
        1,
        null,
        null,
        1,
        1,
        null,
        null,
        1,
        null,
        null,
        null,
        null,
        1,
        0,
        null,
        null,
        null,
        null,
        null,
        null,
        null,
        null,
        null,
        null,
        null,
        null,
        null,
        null,
        null,
        null,
        null,
        null,
        1,
        1,
        null,
        null,
        null,
        null,
        1,
        0,
        null,
        null,
        null,
        null,
        null,
        null,
        null,
        null,
        null
      ],
      "/Users/juliaryan/Desktop/WDI/wdi-8/historia-app/app/models/user.rb": [
        null,
        null,
        null,
        null,
        null,
        null,
        null,
        null,
        null,
        null,
        null,
        null,
        null,
        null,
        null,
        null,
        null,
        null,
        null,
        null,
        null,
        null,
        null,
        null,
        null,
        1,
        1,
        null,
        1,
        1,
        null,
        null,
        1,
        1,
        null,
        1,
        null,
        null,
        1,
        1,
        null,
        null,
        null,
        null,
        1,
        1,
        null,
        null,
        null,
        null,
        1,
        null,
        1,
        0,
        0,
        null,
        null,
        1,
        0,
        null,
        null,
        1,
        0,
        0,
        0,
        null,
        null,
        1,
        0,
        null,
        null,
        null,
        1,
        0,
        0,
        0,
        0,
        0,
        0,
        0,
        0,
        0,
        0,
        0,
        0,
        null,
        null,
        null,
        null,
        1,
        1,
        null,
        1,
        null,
        null,
        null,
        1,
        1,
        null,
        null,
        null,
        1,
        0,
        0,
        null,
        null,
        null,
        1,
        0,
        0,
        0,
        null,
        null,
        null,
        1,
        1,
        null,
        null,
        null,
        1,
        0,
        null,
        null,
        1,
        0,
        null,
        null,
        1,
        null,
        1,
        2,
        null,
        null,
        1,
        1,
        1,
        null,
        null
      ],
      "/Users/juliaryan/Desktop/WDI/wdi-8/historia-app/app/controllers/pages_controller.rb": [
        1,
        1,
        2,
        2,
        2,
        2,
        null,
        null,
        null,
        1,
        0,
        0,
        0,
        0,
        null,
        null,
        null
      ],
      "/Users/juliaryan/Desktop/WDI/wdi-8/historia-app/app/controllers/application_controller.rb": [
        1,
        null,
        null,
        1,
        1,
        null,
        1,
        null,
        null,
        null,
        null,
        null,
        null,
        null,
        1,
        null,
        1,
        3,
        1,
        null,
        null,
        3,
        null,
        null
      ],
      "/Users/juliaryan/Desktop/WDI/wdi-8/historia-app/app/controllers/sessions_controller.rb": [
        1,
        1,
        null,
        null,
        1,
        1,
        1,
        1,
        1,
        1,
        1,
        null,
        0,
        0,
        0,
        0,
        null,
        null,
        0,
        0,
        null,
        null,
        null,
        1,
        0,
        0,
        0,
        0,
        0,
        null,
        0,
        0,
        null,
        null,
        null,
        1,
        0,
        0,
        null,
        null
      ],
      "/Users/juliaryan/Desktop/WDI/wdi-8/historia-app/app/models/like.rb": [
        null,
        null,
        null,
        null,
        null,
        null,
        null,
        null,
        null,
        null,
        null,
        1,
        1,
        1,
        null,
        1,
        null
      ]
    },
    "timestamp": 1432034301
  }
}
